[2025-08-29 06:52:46,945] INFO: Logging to data/logs/fetch_author_metrics_20250829_065246.log
[2025-08-29 06:52:46,946] WARNING: No contact email provided (--email/OPENALEX_MAILTO/CONTACT_EMAIL). Requests may be throttled.
[2025-08-29 06:52:46,948] INFO: Detected OpenAlex ID column: OpenAlexID
[2025-08-29 06:52:46,949] INFO: Loaded previous output for diffing: data/roster_with_metrics.csv
[2025-08-29 06:52:46,949] INFO: [fetch] Row 1/92: A5097476685
[2025-08-29 06:52:47,652] INFO: [skip] Row 2/92: missing OpenAlexID
[2025-08-29 06:52:47,653] INFO: [fetch] Row 3/92: A5089186675
[2025-08-29 06:52:48,032] INFO: [fetch] Row 4/92: A5054682662
[2025-08-29 06:52:48,409] INFO: [fetch] Row 5/92: A5015254879
[2025-08-29 06:52:48,852] INFO: [fetch] Row 6/92: A5046882263
[2025-08-29 06:52:49,238] INFO: [fetch] Row 7/92: A5062115118
[2025-08-29 06:52:49,627] INFO: [fetch] Row 8/92: A5061235320
[2025-08-29 06:52:50,015] INFO: [fetch] Row 9/92: A5057011174
[2025-08-29 06:52:50,405] INFO: [fetch] Row 10/92: A5063855248
[2025-08-29 06:52:50,789] INFO: [fetch] Row 11/92: A5084242333
[2025-08-29 06:52:51,187] INFO: [fetch] Row 12/92: A5074995793
[2025-08-29 06:52:51,571] INFO: [fetch] Row 13/92: A5058471690
[2025-08-29 06:52:51,988] INFO: [fetch] Row 14/92: A5007124437
[2025-08-29 06:52:52,370] INFO: [fetch] Row 15/92: A5076810213
[2025-08-29 06:52:52,780] INFO: [fetch] Row 16/92: A5086715306
[2025-08-29 06:52:53,165] INFO: [fetch] Row 17/92: A5010407946
[2025-08-29 06:52:53,542] INFO: [skip] Row 18/92: missing OpenAlexID
[2025-08-29 06:52:53,543] INFO: [fetch] Row 19/92: A5076221206
[2025-08-29 06:52:53,925] INFO: [fetch] Row 20/92: A5084554132
[2025-08-29 06:52:54,299] INFO: [fetch] Row 21/92: A5016108047
[2025-08-29 06:52:54,679] INFO: [fetch] Row 22/92: A5028898834
[2025-08-29 06:52:55,071] INFO: [fetch] Row 23/92: A5082336116
[2025-08-29 06:52:55,454] INFO: [fetch] Row 24/92: A5089212646
[2025-08-29 06:52:55,825] INFO: [fetch] Row 25/92: A5085308093
[2025-08-29 06:52:56,205] INFO: [fetch] Row 26/92: A5114186380
[2025-08-29 06:52:56,657] INFO: [fetch] Row 27/92: A5065275438
[2025-08-29 06:52:57,033] INFO: [fetch] Row 28/92: A5058811797
[2025-08-29 06:52:57,451] INFO: [fetch] Row 29/92: A5082097120
[2025-08-29 06:52:57,826] INFO: [fetch] Row 30/92: A5018244111
[2025-08-29 06:52:58,206] INFO: [fetch] Row 31/92: A5022359178
[2025-08-29 06:52:58,647] INFO: [fetch] Row 32/92: A5082450377
[2025-08-29 06:52:59,039] INFO: [fetch] Row 33/92: A5062550388
[2025-08-29 06:52:59,413] INFO: [fetch] Row 34/92: A5112215292
[2025-08-29 06:53:00,043] INFO: [fetch] Row 35/92: A5000020749
[2025-08-29 06:53:00,419] INFO: [fetch] Row 36/92: A5051997692
[2025-08-29 06:53:00,791] INFO: [fetch] Row 37/92: A5084958126
[2025-08-29 06:53:01,168] INFO: [fetch] Row 38/92: A5006542086
[2025-08-29 06:53:01,598] INFO: [fetch] Row 39/92: A5073152049
[2025-08-29 06:53:01,979] INFO: [fetch] Row 40/92: A5093283881
[2025-08-29 06:53:02,366] INFO: [fetch] Row 41/92: A5077397108
[2025-08-29 06:53:02,737] INFO: [fetch] Row 42/92: A5007745969
[2025-08-29 06:53:03,121] INFO: [fetch] Row 43/92: A5052740198
[2025-08-29 06:53:03,494] INFO: [fetch] Row 44/92: A5112268003
[2025-08-29 06:53:03,873] INFO: [fetch] Row 45/92: A5114186382
[2025-08-29 06:53:04,248] INFO: [fetch] Row 46/92: A5068916305
[2025-08-29 06:53:04,639] INFO: [fetch] Row 47/92: A5113946927
[2025-08-29 06:53:05,012] INFO: [fetch] Row 48/92: A5035027217
[2025-08-29 06:53:05,422] INFO: [fetch] Row 49/92: A5004098689
[2025-08-29 06:53:05,816] INFO: [fetch] Row 50/92: A5042612602
[2025-08-29 06:53:06,191] INFO: [fetch] Row 51/92: A5053168359
[2025-08-29 06:53:06,562] INFO: [fetch] Row 52/92: A5090343464
[2025-08-29 06:53:06,936] INFO: [fetch] Row 53/92: A5088238215
[2025-08-29 06:53:07,313] INFO: [fetch] Row 54/92: A5088351601
[2025-08-29 06:53:07,691] INFO: [fetch] Row 55/92: A5075424399
[2025-08-29 06:53:08,067] INFO: [fetch] Row 56/92: A5012761747
[2025-08-29 06:53:08,446] INFO: [fetch] Row 57/92: A5110510421
[2025-08-29 06:53:08,823] INFO: [fetch] Row 58/92: A5108237524
[2025-08-29 06:53:09,229] INFO: [fetch] Row 59/92: A5079324010
[2025-08-29 06:53:09,602] INFO: [fetch] Row 60/92: A5110138668
[2025-08-29 06:53:09,980] INFO: [fetch] Row 61/92: A5041791584
[2025-08-29 06:53:10,381] INFO: [fetch] Row 62/92: A5114252403
[2025-08-29 06:53:10,767] INFO: [fetch] Row 63/92: A5023258863
[2025-08-29 06:53:11,159] INFO: [fetch] Row 64/92: A5083737761
[2025-08-29 06:53:11,611] INFO: [fetch] Row 65/92: A5034547939
[2025-08-29 06:53:11,990] INFO: [fetch] Row 66/92: A5104182467
[2025-08-29 06:53:12,399] INFO: [fetch] Row 67/92: A5002583112
[2025-08-29 06:53:12,806] INFO: [fetch] Row 68/92: A5074399476
[2025-08-29 06:53:13,199] INFO: [fetch] Row 69/92: A5037393069
[2025-08-29 06:53:13,578] INFO: [fetch] Row 70/92: A5077375646
[2025-08-29 06:53:13,966] INFO: [fetch] Row 71/92: A5038571433
[2025-08-29 06:53:14,406] INFO: [fetch] Row 72/92: A5049770537
[2025-08-29 06:53:14,816] INFO: [fetch] Row 73/92: A5110902158
[2025-08-29 06:53:15,238] INFO: [fetch] Row 74/92: A5064980480
[2025-08-29 06:53:15,611] INFO: [fetch] Row 75/92: A5111941038
[2025-08-29 06:53:15,985] INFO: [fetch] Row 76/92: A5036733857
[2025-08-29 06:53:16,363] INFO: [fetch] Row 77/92: A5026303269
[2025-08-29 06:53:16,747] INFO: [fetch] Row 78/92: A5065334735
[2025-08-29 06:53:17,156] INFO: [fetch] Row 79/92: A5038141195
[2025-08-29 06:53:17,534] INFO: [fetch] Row 80/92: A5021898290
[2025-08-29 06:53:17,922] INFO: [fetch] Row 81/92: A5055196299
[2025-08-29 06:53:18,297] INFO: [fetch] Row 82/92: A5050841380
[2025-08-29 06:53:18,671] INFO: [fetch] Row 83/92: A5052164943
[2025-08-29 06:53:19,066] INFO: [fetch] Row 84/92: A5017321423
[2025-08-29 06:53:19,441] INFO: [fetch] Row 85/92: A5036556782
[2025-08-29 06:53:19,819] INFO: [fetch] Row 86/92: A5046493714
[2025-08-29 06:53:20,197] INFO: [fetch] Row 87/92: A5060461427
[2025-08-29 06:53:20,575] INFO: [fetch] Row 88/92: A5022803956
[2025-08-29 06:53:20,949] INFO: [fetch] Row 89/92: A5022803956
[2025-08-29 06:53:21,336] INFO: [fetch] Row 90/92: A5086163497
[2025-08-29 06:53:21,710] INFO: [skip] Row 91/92: missing OpenAlexID
[2025-08-29 06:53:21,710] INFO: [skip] Row 92/92: missing OpenAlexID
[2025-08-29 06:53:21,711] INFO: [diff] H_index: 0 rows changed; total delta = 0.0
[2025-08-29 06:53:21,712] INFO: [diff] I10_index: 0 rows changed; total delta = 0.0
[2025-08-29 06:53:21,713] INFO: [diff] Works_count: 0 rows changed; total delta = 0.0
[2025-08-29 06:53:21,713] INFO: [diff] Total_citations: 0 rows changed; total delta = 0.0
[2025-08-29 06:53:21,715] INFO: [ok] Wrote: data/roster_with_metrics.csv
