[2025-08-28 06:53:53,637] INFO: Logging to data/logs/fetch_author_metrics_20250828_065353.log
[2025-08-28 06:53:53,638] WARNING: No contact email provided (--email/OPENALEX_MAILTO/CONTACT_EMAIL). Requests may be throttled.
[2025-08-28 06:53:53,640] INFO: Detected OpenAlex ID column: OpenAlexID
[2025-08-28 06:53:53,641] INFO: Loaded previous output for diffing: data/roster_with_metrics.csv
[2025-08-28 06:53:53,642] INFO: [fetch] Row 1/92: A5097476685
[2025-08-28 06:53:54,196] INFO: [skip] Row 2/92: missing OpenAlexID
[2025-08-28 06:53:54,196] INFO: [fetch] Row 3/92: A5089186675
[2025-08-28 06:53:54,525] INFO: [fetch] Row 4/92: A5054682662
[2025-08-28 06:53:54,851] INFO: [fetch] Row 5/92: A5015254879
[2025-08-28 06:53:55,182] INFO: [fetch] Row 6/92: A5046882263
[2025-08-28 06:53:55,515] INFO: [fetch] Row 7/92: A5062115118
[2025-08-28 06:53:55,843] INFO: [fetch] Row 8/92: A5061235320
[2025-08-28 06:53:56,169] INFO: [fetch] Row 9/92: A5057011174
[2025-08-28 06:53:56,491] INFO: [fetch] Row 10/92: A5063855248
[2025-08-28 06:53:56,903] INFO: [fetch] Row 11/92: A5084242333
[2025-08-28 06:53:57,295] INFO: [fetch] Row 12/92: A5074995793
[2025-08-28 06:53:57,637] INFO: [fetch] Row 13/92: A5058471690
[2025-08-28 06:53:57,981] INFO: [fetch] Row 14/92: A5007124437
[2025-08-28 06:53:58,323] INFO: [fetch] Row 15/92: A5076810213
[2025-08-28 06:53:58,644] INFO: [fetch] Row 16/92: A5086715306
[2025-08-28 06:53:58,968] INFO: [fetch] Row 17/92: A5010407946
[2025-08-28 06:53:59,314] INFO: [skip] Row 18/92: missing OpenAlexID
[2025-08-28 06:53:59,314] INFO: [fetch] Row 19/92: A5076221206
[2025-08-28 06:53:59,678] INFO: [fetch] Row 20/92: A5084554132
[2025-08-28 06:54:00,111] INFO: [fetch] Row 21/92: A5016108047
[2025-08-28 06:54:00,441] INFO: [fetch] Row 22/92: A5028898834
[2025-08-28 06:54:00,824] INFO: [fetch] Row 23/92: A5082336116
[2025-08-28 06:54:01,151] INFO: [fetch] Row 24/92: A5089212646
[2025-08-28 06:54:01,556] INFO: [fetch] Row 25/92: A5085308093
[2025-08-28 06:54:01,874] INFO: [fetch] Row 26/92: A5114186380
[2025-08-28 06:54:02,198] INFO: [fetch] Row 27/92: A5065275438
[2025-08-28 06:54:02,522] INFO: [fetch] Row 28/92: A5058811797
[2025-08-28 06:54:02,845] INFO: [fetch] Row 29/92: A5082097120
[2025-08-28 06:54:03,183] INFO: [fetch] Row 30/92: A5018244111
[2025-08-28 06:54:03,510] INFO: [fetch] Row 31/92: A5022359178
[2025-08-28 06:54:03,908] INFO: [fetch] Row 32/92: A5082450377
[2025-08-28 06:54:04,232] INFO: [fetch] Row 33/92: A5062550388
[2025-08-28 06:54:04,550] INFO: [fetch] Row 34/92: A5112215292
[2025-08-28 06:54:04,885] INFO: [fetch] Row 35/92: A5000020749
[2025-08-28 06:54:05,226] INFO: [fetch] Row 36/92: A5051997692
[2025-08-28 06:54:05,638] INFO: [fetch] Row 37/92: A5084958126
[2025-08-28 06:54:06,038] INFO: [fetch] Row 38/92: A5006542086
[2025-08-28 06:54:06,370] INFO: [fetch] Row 39/92: A5073152049
[2025-08-28 06:54:06,716] INFO: [fetch] Row 40/92: A5093283881
[2025-08-28 06:54:07,076] INFO: [fetch] Row 41/92: A5077397108
[2025-08-28 06:54:07,434] INFO: [fetch] Row 42/92: A5007745969
[2025-08-28 06:54:07,777] INFO: [fetch] Row 43/92: A5052740198
[2025-08-28 06:54:08,116] INFO: [fetch] Row 44/92: A5112268003
[2025-08-28 06:54:08,461] INFO: [fetch] Row 45/92: A5114186382
[2025-08-28 06:54:08,818] INFO: [fetch] Row 46/92: A5068916305
[2025-08-28 06:54:09,151] INFO: [fetch] Row 47/92: A5113946927
[2025-08-28 06:54:09,501] INFO: [fetch] Row 48/92: A5035027217
[2025-08-28 06:54:09,823] INFO: [fetch] Row 49/92: A5004098689
[2025-08-28 06:54:10,165] INFO: [fetch] Row 50/92: A5042612602
[2025-08-28 06:54:10,507] INFO: [fetch] Row 51/92: A5053168359
[2025-08-28 06:54:10,859] INFO: [fetch] Row 52/92: A5090343464
[2025-08-28 06:54:11,194] INFO: [fetch] Row 53/92: A5088238215
[2025-08-28 06:54:11,530] INFO: [fetch] Row 54/92: A5088351601
[2025-08-28 06:54:11,854] INFO: [fetch] Row 55/92: A5075424399
[2025-08-28 06:54:12,226] INFO: [fetch] Row 56/92: A5012761747
[2025-08-28 06:54:12,568] INFO: [fetch] Row 57/92: A5110510421
[2025-08-28 06:54:12,900] INFO: [fetch] Row 58/92: A5108237524
[2025-08-28 06:54:13,241] INFO: [fetch] Row 59/92: A5079324010
[2025-08-28 06:54:13,660] INFO: [fetch] Row 60/92: A5110138668
[2025-08-28 06:54:13,987] INFO: [fetch] Row 61/92: A5041791584
[2025-08-28 06:54:14,321] INFO: [fetch] Row 62/92: A5114252403
[2025-08-28 06:54:14,708] INFO: [fetch] Row 63/92: A5023258863
[2025-08-28 06:54:15,032] INFO: [fetch] Row 64/92: A5083737761
[2025-08-28 06:54:15,419] INFO: [fetch] Row 65/92: A5034547939
[2025-08-28 06:54:15,794] INFO: [fetch] Row 66/92: A5104182467
[2025-08-28 06:54:16,120] INFO: [fetch] Row 67/92: A5002583112
[2025-08-28 06:54:16,468] INFO: [fetch] Row 68/92: A5074399476
[2025-08-28 06:54:17,345] INFO: [fetch] Row 69/92: A5037393069
[2025-08-28 06:54:17,697] INFO: [fetch] Row 70/92: A5077375646
[2025-08-28 06:54:18,016] INFO: [fetch] Row 71/92: A5038571433
[2025-08-28 06:54:18,341] INFO: [fetch] Row 72/92: A5049770537
[2025-08-28 06:54:18,689] INFO: [fetch] Row 73/92: A5110902158
[2025-08-28 06:54:19,030] INFO: [fetch] Row 74/92: A5064980480
[2025-08-28 06:54:19,412] INFO: [fetch] Row 75/92: A5111941038
[2025-08-28 06:54:19,778] INFO: [fetch] Row 76/92: A5036733857
[2025-08-28 06:54:20,160] INFO: [fetch] Row 77/92: A5026303269
[2025-08-28 06:54:20,497] INFO: [fetch] Row 78/92: A5065334735
[2025-08-28 06:54:20,829] INFO: [fetch] Row 79/92: A5038141195
[2025-08-28 06:54:21,201] INFO: [fetch] Row 80/92: A5021898290
[2025-08-28 06:54:21,560] INFO: [fetch] Row 81/92: A5055196299
[2025-08-28 06:54:21,926] INFO: [fetch] Row 82/92: A5050841380
[2025-08-28 06:54:22,253] INFO: [fetch] Row 83/92: A5052164943
[2025-08-28 06:54:22,673] INFO: [fetch] Row 84/92: A5017321423
[2025-08-28 06:54:22,997] INFO: [fetch] Row 85/92: A5036556782
[2025-08-28 06:54:23,318] INFO: [fetch] Row 86/92: A5046493714
[2025-08-28 06:54:23,645] INFO: [fetch] Row 87/92: A5060461427
[2025-08-28 06:54:23,960] INFO: [fetch] Row 88/92: A5022803956
[2025-08-28 06:54:24,283] INFO: [fetch] Row 89/92: A5022803956
[2025-08-28 06:54:24,605] INFO: [fetch] Row 90/92: A5086163497
[2025-08-28 06:54:25,084] INFO: [skip] Row 91/92: missing OpenAlexID
[2025-08-28 06:54:25,084] INFO: [skip] Row 92/92: missing OpenAlexID
[2025-08-28 06:54:25,086] INFO: [ok] Wrote: data/roster_with_metrics.csv
