[2025-08-30 06:49:32,354] INFO: Logging to data/logs/fetch_author_metrics_20250830_064932.log
[2025-08-30 06:49:32,355] WARNING: No contact email provided (--email/OPENALEX_MAILTO/CONTACT_EMAIL). Requests may be throttled.
[2025-08-30 06:49:32,357] INFO: Detected OpenAlex ID column: OpenAlexID
[2025-08-30 06:49:32,358] INFO: Loaded previous output for diffing: data/roster_with_metrics.csv
[2025-08-30 06:49:32,359] INFO: [fetch] Row 1/92: A5097476685
[2025-08-30 06:49:33,032] INFO: [skip] Row 2/92: missing OpenAlexID
[2025-08-30 06:49:33,032] INFO: [fetch] Row 3/92: A5089186675
[2025-08-30 06:49:33,434] INFO: [fetch] Row 4/92: A5054682662
[2025-08-30 06:49:33,826] INFO: [fetch] Row 5/92: A5015254879
[2025-08-30 06:49:34,209] INFO: [fetch] Row 6/92: A5046882263
[2025-08-30 06:49:34,592] INFO: [fetch] Row 7/92: A5062115118
[2025-08-30 06:49:34,983] INFO: [fetch] Row 8/92: A5061235320
[2025-08-30 06:49:35,378] INFO: [fetch] Row 9/92: A5057011174
[2025-08-30 06:49:35,786] INFO: [fetch] Row 10/92: A5063855248
[2025-08-30 06:49:36,152] INFO: [fetch] Row 11/92: A5084242333
[2025-08-30 06:49:36,589] INFO: [fetch] Row 12/92: A5074995793
[2025-08-30 06:49:37,007] INFO: [fetch] Row 13/92: A5058471690
[2025-08-30 06:49:37,492] INFO: [fetch] Row 14/92: A5007124437
[2025-08-30 06:49:37,883] INFO: [fetch] Row 15/92: A5076810213
[2025-08-30 06:49:38,310] INFO: [fetch] Row 16/92: A5086715306
[2025-08-30 06:49:38,694] INFO: [fetch] Row 17/92: A5010407946
[2025-08-30 06:49:39,085] INFO: [skip] Row 18/92: missing OpenAlexID
[2025-08-30 06:49:39,085] INFO: [fetch] Row 19/92: A5076221206
[2025-08-30 06:49:39,504] INFO: [fetch] Row 20/92: A5084554132
[2025-08-30 06:49:39,896] INFO: [fetch] Row 21/92: A5016108047
[2025-08-30 06:49:40,316] INFO: [fetch] Row 22/92: A5028898834
[2025-08-30 06:49:40,700] INFO: [fetch] Row 23/92: A5082336116
[2025-08-30 06:49:41,094] INFO: [fetch] Row 24/92: A5089212646
[2025-08-30 06:49:41,498] INFO: [fetch] Row 25/92: A5085308093
[2025-08-30 06:49:41,909] INFO: [fetch] Row 26/92: A5114186380
[2025-08-30 06:49:42,298] INFO: [fetch] Row 27/92: A5065275438
[2025-08-30 06:49:42,694] INFO: [fetch] Row 28/92: A5058811797
[2025-08-30 06:49:43,056] INFO: [fetch] Row 29/92: A5082097120
[2025-08-30 06:49:43,509] INFO: [fetch] Row 30/92: A5018244111
[2025-08-30 06:49:43,899] INFO: [fetch] Row 31/92: A5022359178
[2025-08-30 06:49:44,288] INFO: [fetch] Row 32/92: A5082450377
[2025-08-30 06:49:44,693] INFO: [fetch] Row 33/92: A5062550388
[2025-08-30 06:49:45,085] INFO: [fetch] Row 34/92: A5112215292
[2025-08-30 06:49:45,537] INFO: [fetch] Row 35/92: A5000020749
[2025-08-30 06:49:45,928] INFO: [fetch] Row 36/92: A5051997692
[2025-08-30 06:49:46,315] INFO: [fetch] Row 37/92: A5084958126
[2025-08-30 06:49:46,696] INFO: [fetch] Row 38/92: A5006542086
[2025-08-30 06:49:47,084] INFO: [fetch] Row 39/92: A5073152049
[2025-08-30 06:49:47,470] INFO: [fetch] Row 40/92: A5093283881
[2025-08-30 06:49:47,917] INFO: [fetch] Row 41/92: A5077397108
[2025-08-30 06:49:48,295] INFO: [fetch] Row 42/92: A5007745969
[2025-08-30 06:49:48,679] INFO: [fetch] Row 43/92: A5052740198
[2025-08-30 06:49:49,063] INFO: [fetch] Row 44/92: A5112268003
[2025-08-30 06:49:49,449] INFO: [fetch] Row 45/92: A5114186382
[2025-08-30 06:49:49,826] INFO: [fetch] Row 46/92: A5068916305
[2025-08-30 06:49:50,214] INFO: [fetch] Row 47/92: A5113946927
[2025-08-30 06:49:50,611] INFO: [fetch] Row 48/92: A5035027217
[2025-08-30 06:49:50,973] INFO: [fetch] Row 49/92: A5004098689
[2025-08-30 06:49:51,358] INFO: [fetch] Row 50/92: A5042612602
[2025-08-30 06:49:51,842] INFO: [fetch] Row 51/92: A5053168359
[2025-08-30 06:49:52,226] INFO: [fetch] Row 52/92: A5090343464
[2025-08-30 06:49:52,641] INFO: [fetch] Row 53/92: A5088238215
[2025-08-30 06:49:53,064] INFO: [fetch] Row 54/92: A5088351601
[2025-08-30 06:49:53,478] INFO: [fetch] Row 55/92: A5075424399
[2025-08-30 06:49:53,874] INFO: [fetch] Row 56/92: A5012761747
[2025-08-30 06:49:54,274] INFO: [fetch] Row 57/92: A5110510421
[2025-08-30 06:49:54,659] INFO: [fetch] Row 58/92: A5108237524
[2025-08-30 06:49:55,034] INFO: [fetch] Row 59/92: A5079324010
[2025-08-30 06:49:55,414] INFO: [fetch] Row 60/92: A5110138668
[2025-08-30 06:49:55,870] INFO: [fetch] Row 61/92: A5041791584
[2025-08-30 06:49:56,273] INFO: [fetch] Row 62/92: A5114252403
[2025-08-30 06:49:56,651] INFO: [fetch] Row 63/92: A5023258863
[2025-08-30 06:49:57,040] INFO: [fetch] Row 64/92: A5083737761
[2025-08-30 06:49:57,427] INFO: [fetch] Row 65/92: A5034547939
[2025-08-30 06:49:57,817] INFO: [fetch] Row 66/92: A5104182467
[2025-08-30 06:49:58,211] INFO: [fetch] Row 67/92: A5002583112
[2025-08-30 06:49:58,687] INFO: [fetch] Row 68/92: A5074399476
[2025-08-30 06:49:59,075] INFO: [fetch] Row 69/92: A5037393069
[2025-08-30 06:49:59,461] INFO: [fetch] Row 70/92: A5077375646
[2025-08-30 06:49:59,847] INFO: [fetch] Row 71/92: A5038571433
[2025-08-30 06:50:00,228] INFO: [fetch] Row 72/92: A5049770537
[2025-08-30 06:50:00,632] INFO: [fetch] Row 73/92: A5110902158
[2025-08-30 06:50:00,992] INFO: [fetch] Row 74/92: A5064980480
[2025-08-30 06:50:01,433] INFO: [fetch] Row 75/92: A5111941038
[2025-08-30 06:50:01,831] INFO: [fetch] Row 76/92: A5036733857
[2025-08-30 06:50:02,226] INFO: [fetch] Row 77/92: A5026303269
[2025-08-30 06:50:02,631] INFO: [fetch] Row 78/92: A5065334735
[2025-08-30 06:50:03,037] INFO: [fetch] Row 79/92: A5038141195
[2025-08-30 06:50:03,426] INFO: [fetch] Row 80/92: A5021898290
[2025-08-30 06:50:03,817] INFO: [fetch] Row 81/92: A5055196299
[2025-08-30 06:50:04,245] INFO: [fetch] Row 82/92: A5050841380
[2025-08-30 06:50:04,630] INFO: [fetch] Row 83/92: A5052164943
[2025-08-30 06:50:05,073] INFO: [fetch] Row 84/92: A5017321423
[2025-08-30 06:50:05,509] INFO: [fetch] Row 85/92: A5036556782
[2025-08-30 06:50:05,911] INFO: [fetch] Row 86/92: A5046493714
[2025-08-30 06:50:06,295] INFO: [fetch] Row 87/92: A5060461427
[2025-08-30 06:50:06,711] INFO: [fetch] Row 88/92: A5022803956
[2025-08-30 06:50:07,101] INFO: [fetch] Row 89/92: A5022803956
[2025-08-30 06:50:07,456] INFO: [fetch] Row 90/92: A5086163497
[2025-08-30 06:50:07,843] INFO: [skip] Row 91/92: missing OpenAlexID
[2025-08-30 06:50:07,843] INFO: [skip] Row 92/92: missing OpenAlexID
[2025-08-30 06:50:07,845] INFO: [diff] H_index: 0 rows changed; total delta = 0.0
[2025-08-30 06:50:07,846] INFO: [diff] I10_index: 0 rows changed; total delta = 0.0
[2025-08-30 06:50:07,846] INFO: [diff] Works_count: 3 rows changed; total delta = 3.0
[2025-08-30 06:50:07,847] INFO: [diff] Total_citations: 11 rows changed; total delta = 163.0
[2025-08-30 06:50:07,848] INFO: [ok] Wrote: data/roster_with_metrics.csv
