[2025-08-27 06:52:11,836] INFO: Logging to data/logs/fetch_author_metrics_20250827_065211.log
[2025-08-27 06:52:11,837] WARNING: No contact email provided (--email/OPENALEX_MAILTO/CONTACT_EMAIL). Requests may be throttled.
[2025-08-27 06:52:11,839] INFO: Detected OpenAlex ID column: OpenAlexID
[2025-08-27 06:52:11,841] INFO: Loaded previous output for diffing: data/roster_with_metrics.csv
[2025-08-27 06:52:11,841] INFO: [fetch] Row 1/90: A5097476685
[2025-08-27 06:52:12,480] INFO: [skip] Row 2/90: missing OpenAlexID
[2025-08-27 06:52:12,480] INFO: [fetch] Row 3/90: A5089186675
[2025-08-27 06:52:12,850] INFO: [fetch] Row 4/90: A5054682662
[2025-08-27 06:52:13,209] INFO: [fetch] Row 5/90: A5015254879
[2025-08-27 06:52:13,570] INFO: [fetch] Row 6/90: A5046882263
[2025-08-27 06:52:13,929] INFO: [fetch] Row 7/90: A5062115118
[2025-08-27 06:52:14,298] INFO: [fetch] Row 8/90: A5061235320
[2025-08-27 06:52:14,660] INFO: [fetch] Row 9/90: A5057011174
[2025-08-27 06:52:15,022] INFO: [fetch] Row 10/90: A5063855248
[2025-08-27 06:52:15,384] INFO: [fetch] Row 11/90: A5084242333
[2025-08-27 06:52:15,748] INFO: [fetch] Row 12/90: A5074995793
[2025-08-27 06:52:16,150] INFO: [fetch] Row 13/90: A5058471690
[2025-08-27 06:52:16,515] INFO: [fetch] Row 14/90: A5007124437
[2025-08-27 06:52:16,901] INFO: [fetch] Row 15/90: A5076810213
[2025-08-27 06:52:17,268] INFO: [fetch] Row 16/90: A5086715306
[2025-08-27 06:52:17,628] INFO: [fetch] Row 17/90: A5010407946
[2025-08-27 06:52:18,007] INFO: [skip] Row 18/90: missing OpenAlexID
[2025-08-27 06:52:18,007] INFO: [fetch] Row 19/90: A5076221206
[2025-08-27 06:52:18,381] INFO: [fetch] Row 20/90: A5084554132
[2025-08-27 06:52:18,807] INFO: [fetch] Row 21/90: A5016108047
[2025-08-27 06:52:19,172] INFO: [fetch] Row 22/90: A5028898834
[2025-08-27 06:52:19,543] INFO: [fetch] Row 23/90: A5082336116
[2025-08-27 06:52:19,955] INFO: [fetch] Row 24/90: A5089212646
[2025-08-27 06:52:20,322] INFO: [fetch] Row 25/90: A5085308093
[2025-08-27 06:52:20,691] INFO: [fetch] Row 26/90: A5114186380
[2025-08-27 06:52:21,120] INFO: [fetch] Row 27/90: A5065275438
[2025-08-27 06:52:21,494] INFO: [fetch] Row 28/90: A5058811797
[2025-08-27 06:52:21,861] INFO: [fetch] Row 29/90: A5082097120
[2025-08-27 06:52:22,234] INFO: [fetch] Row 30/90: A5018244111
[2025-08-27 06:52:22,614] INFO: [fetch] Row 31/90: A5022359178
[2025-08-27 06:52:22,997] INFO: [fetch] Row 32/90: A5082450377
[2025-08-27 06:52:23,429] INFO: [fetch] Row 33/90: A5062550388
[2025-08-27 06:52:23,808] INFO: [fetch] Row 34/90: A5112215292
[2025-08-27 06:52:24,173] INFO: [fetch] Row 35/90: A5000020749
[2025-08-27 06:52:24,543] INFO: [fetch] Row 36/90: A5051997692
[2025-08-27 06:52:24,902] INFO: [fetch] Row 37/90: A5084958126
[2025-08-27 06:52:25,279] INFO: [fetch] Row 38/90: A5006542086
[2025-08-27 06:52:25,644] INFO: [fetch] Row 39/90: A5073152049
[2025-08-27 06:52:26,189] INFO: [fetch] Row 40/90: A5093283881
[2025-08-27 06:52:26,552] INFO: [fetch] Row 41/90: A5077397108
[2025-08-27 06:52:26,958] INFO: [fetch] Row 42/90: A5007745969
[2025-08-27 06:52:27,327] INFO: [fetch] Row 43/90: A5052740198
[2025-08-27 06:52:27,695] INFO: [fetch] Row 44/90: A5112268003
[2025-08-27 06:52:28,063] INFO: [fetch] Row 45/90: A5114186382
[2025-08-27 06:52:28,429] INFO: [fetch] Row 46/90: A5068916305
[2025-08-27 06:52:28,800] INFO: [fetch] Row 47/90: A5113946927
[2025-08-27 06:52:29,161] INFO: [fetch] Row 48/90: A5035027217
[2025-08-27 06:52:29,520] INFO: [fetch] Row 49/90: A5004098689
[2025-08-27 06:52:29,875] INFO: [fetch] Row 50/90: A5042612602
[2025-08-27 06:52:30,236] INFO: [fetch] Row 51/90: A5053168359
[2025-08-27 06:52:30,630] INFO: [fetch] Row 52/90: A5090343464
[2025-08-27 06:52:30,990] INFO: [fetch] Row 53/90: A5088238215
[2025-08-27 06:52:31,364] INFO: [fetch] Row 54/90: A5088351601
[2025-08-27 06:52:31,729] INFO: [fetch] Row 55/90: A5075424399
[2025-08-27 06:52:32,093] INFO: [fetch] Row 56/90: A5012761747
[2025-08-27 06:52:32,456] INFO: [fetch] Row 57/90: A5110510421
[2025-08-27 06:52:32,829] INFO: [fetch] Row 58/90: A5108237524
[2025-08-27 06:52:33,191] INFO: [fetch] Row 59/90: A5079324010
[2025-08-27 06:52:33,556] INFO: [fetch] Row 60/90: A5110138668
[2025-08-27 06:52:33,918] INFO: [fetch] Row 61/90: A5041791584
[2025-08-27 06:52:34,339] INFO: [fetch] Row 62/90: A5114252403
[2025-08-27 06:52:34,700] INFO: [fetch] Row 63/90: A5023258863
[2025-08-27 06:52:35,080] INFO: [fetch] Row 64/90: A5083737761
[2025-08-27 06:52:35,443] INFO: [fetch] Row 65/90: A5034547939
[2025-08-27 06:52:35,824] INFO: [fetch] Row 66/90: A5104182467
[2025-08-27 06:52:36,179] INFO: [fetch] Row 67/90: A5002583112
[2025-08-27 06:52:36,545] INFO: [fetch] Row 68/90: A5074399476
[2025-08-27 06:52:36,904] INFO: [fetch] Row 69/90: A5037393069
[2025-08-27 06:52:37,276] INFO: [fetch] Row 70/90: A5077375646
[2025-08-27 06:52:37,638] INFO: [fetch] Row 71/90: A5038571433
[2025-08-27 06:52:38,005] INFO: [fetch] Row 72/90: A5049770537
[2025-08-27 06:52:38,377] INFO: [fetch] Row 73/90: A5110902158
[2025-08-27 06:52:38,740] INFO: [fetch] Row 74/90: A5064980480
[2025-08-27 06:52:39,107] INFO: [fetch] Row 75/90: A5111941038
[2025-08-27 06:52:39,479] INFO: [fetch] Row 76/90: A5036733857
[2025-08-27 06:52:39,835] INFO: [fetch] Row 77/90: A5026303269
[2025-08-27 06:52:40,200] INFO: [fetch] Row 78/90: A5065334735
[2025-08-27 06:52:40,572] INFO: [fetch] Row 79/90: A5038141195
[2025-08-27 06:52:40,955] INFO: [fetch] Row 80/90: A5021898290
[2025-08-27 06:52:41,342] INFO: [fetch] Row 81/90: A5055196299
[2025-08-27 06:52:41,724] INFO: [fetch] Row 82/90: A5050841380
[2025-08-27 06:52:42,093] INFO: [fetch] Row 83/90: A5052164943
[2025-08-27 06:52:42,482] INFO: [fetch] Row 84/90: A5017321423
[2025-08-27 06:52:42,844] INFO: [fetch] Row 85/90: A5036556782
[2025-08-27 06:52:43,210] INFO: [fetch] Row 86/90: A5046493714
[2025-08-27 06:52:43,575] INFO: [fetch] Row 87/90: A5060461427
[2025-08-27 06:52:43,938] INFO: [fetch] Row 88/90: A5022803956
[2025-08-27 06:52:44,296] INFO: [fetch] Row 89/90: A5022803956
[2025-08-27 06:52:44,659] INFO: [fetch] Row 90/90: A5086163497
[2025-08-27 06:52:45,021] INFO: [diff] H_index: 0 rows changed; total delta = 0.0
[2025-08-27 06:52:45,021] INFO: [diff] I10_index: 0 rows changed; total delta = 0.0
[2025-08-27 06:52:45,022] INFO: [diff] Works_count: 0 rows changed; total delta = 0.0
[2025-08-27 06:52:45,022] INFO: [diff] Total_citations: 0 rows changed; total delta = 0.0
[2025-08-27 06:52:45,024] INFO: [ok] Wrote: data/roster_with_metrics.csv
